
Nov 25, 2021 13:13:35.78 NEW SESSION
Nov 25, 2021 13:13:35.78 [5124:6268:1125/131335.780:ERROR:device_event_log_impl.cc(214)] [13:13:35.780] USB: usb_device_handle_win.cc:1048 Failed to read descriptor from node connection: A device attached to the system is not functioning. (0x1F)
Nov 25, 2021 13:13:35.78 [5124:6268:1125/131335.781:ERROR:device_event_log_impl.cc(214)] [13:13:35.781] USB: usb_device_handle_win.cc:1048 Failed to read descriptor from node connection: A device attached to the system is not functioning. (0x1F)
Nov 25, 2021 13:13:35.78 [5124:6268:1125/131335.781:ERROR:device_event_log_impl.cc(214)] [13:13:35.781] USB: usb_device_handle_win.cc:1048 Failed to read descriptor from node connection: A device attached to the system is not functioning. (0x1F)
Nov 25, 2021 13:13:35.78 [5124:68:1125/131335.768:ERROR:chrome_browser_main_extra_parts_metrics.cc(226)] crbug.com/1216328: Checking Bluetooth availability started. Please report if there is no report that this ends.
Nov 25, 2021 13:13:35.78 [5124:68:1125/131335.782:ERROR:chrome_browser_main_extra_parts_metrics.cc(229)] crbug.com/1216328: Checking Bluetooth availability ended.
Nov 25, 2021 13:13:35.78 [5124:68:1125/131335.782:ERROR:chrome_browser_main_extra_parts_metrics.cc(232)] crbug.com/1216328: Checking default browser status started. Please report if there is no report that this ends.
Nov 25, 2021 13:13:35.78 [5124:68:1125/131335.784:ERROR:chrome_browser_main_extra_parts_metrics.cc(236)] crbug.com/1216328: Checking default browser status ended.
Nov 25, 2021 13:18:48.40 [5124:6268:1125/131848.401:ERROR:device_event_log_impl.cc(214)] [13:18:48.401] USB: usb_service_win.cc:261 Failed to get device driver name: Element not found. (0x490)

Nov 25, 2021 13:53:40.97 NEW SESSION
Nov 25, 2021 13:53:40.97 [9204:3912:1125/135340.966:ERROR:device_event_log_impl.cc(214)] [13:53:40.966] USB: usb_device_handle_win.cc:1048 Failed to read descriptor from node connection: A device attached to the system is not functioning. (0x1F)
Nov 25, 2021 13:53:43.07 [9204:9256:1125/135343.071:ERROR:chrome_browser_main_extra_parts_metrics.cc(226)] crbug.com/1216328: Checking Bluetooth availability started. Please report if there is no report that this ends.
Nov 25, 2021 13:53:43.18 [9204:9256:1125/135343.185:ERROR:chrome_browser_main_extra_parts_metrics.cc(229)] crbug.com/1216328: Checking Bluetooth availability ended.
Nov 25, 2021 13:53:43.19 [9204:9256:1125/135343.187:ERROR:chrome_browser_main_extra_parts_metrics.cc(232)] crbug.com/1216328: Checking default browser status started. Please report if there is no report that this ends.
Nov 25, 2021 13:53:43.19 [9204:9256:1125/135343.196:ERROR:chrome_browser_main_extra_parts_metrics.cc(236)] crbug.com/1216328: Checking default browser status ended.
Nov 25, 2021 13:53:48.42 [9204:3912:1125/135348.424:ERROR:device_event_log_impl.cc(214)] [13:53:48.423] USB: usb_service_win.cc:261 Failed to get device driver name: Element not found. (0x490)

Nov 25, 2021 14:49:43.61 NEW SESSION
Nov 25, 2021 14:49:43.61 [6988:668:1125/144943.606:ERROR:chrome_browser_main_extra_parts_metrics.cc(226)] crbug.com/1216328: Checking Bluetooth availability started. Please report if there is no report that this ends.
Nov 25, 2021 14:49:43.61 [6988:2856:1125/144943.609:ERROR:device_event_log_impl.cc(214)] [14:49:43.609] USB: usb_device_handle_win.cc:1048 Failed to read descriptor from node connection: A device attached to the system is not functioning. (0x1F)
Nov 25, 2021 14:49:43.61 [6988:2856:1125/144943.610:ERROR:device_event_log_impl.cc(214)] [14:49:43.610] USB: usb_device_handle_win.cc:1048 Failed to read descriptor from node connection: A device attached to the system is not functioning. (0x1F)
Nov 25, 2021 14:49:43.61 [6988:668:1125/144943.613:ERROR:chrome_browser_main_extra_parts_metrics.cc(229)] crbug.com/1216328: Checking Bluetooth availability ended.
Nov 25, 2021 14:49:43.61 [6988:668:1125/144943.613:ERROR:chrome_browser_main_extra_parts_metrics.cc(232)] crbug.com/1216328: Checking default browser status started. Please report if there is no report that this ends.
Nov 25, 2021 14:49:43.61 [6988:668:1125/144943.619:ERROR:chrome_browser_main_extra_parts_metrics.cc(236)] crbug.com/1216328: Checking default browser status ended.
Nov 25, 2021 15:09:54.28 [6988:2856:1125/150954.286:ERROR:device_event_log_impl.cc(214)] [15:09:54.285] USB: usb_service_win.cc:261 Failed to get device driver name: Element not found. (0x490)

Nov 26, 2021 11:12:13.18 NEW SESSION
Nov 26, 2021 11:12:13.18 [6768:5312:1126/111213.180:ERROR:chrome_browser_main_extra_parts_metrics.cc(226)] crbug.com/1216328: Checking Bluetooth availability started. Please report if there is no report that this ends.
Nov 26, 2021 11:12:13.21 [6768:5312:1126/111213.180:ERROR:chrome_browser_main_extra_parts_metrics.cc(229)] crbug.com/1216328: Checking Bluetooth availability ended.
Nov 26, 2021 11:12:13.21 [6768:5312:1126/111213.180:ERROR:chrome_browser_main_extra_parts_metrics.cc(232)] crbug.com/1216328: Checking default browser status started. Please report if there is no report that this ends.
Nov 26, 2021 11:12:13.21 [6768:5312:1126/111213.186:ERROR:chrome_browser_main_extra_parts_metrics.cc(236)] crbug.com/1216328: Checking default browser status ended.
Nov 26, 2021 11:12:13.21 [6768:7224:1126/111213.198:ERROR:device_event_log_impl.cc(214)] [11:12:13.198] USB: usb_device_handle_win.cc:1048 Failed to read descriptor from node connection: A device attached to the system is not functioning. (0x1F)
Nov 26, 2021 11:12:13.21 [6768:7224:1126/111213.199:ERROR:device_event_log_impl.cc(214)] [11:12:13.199] USB: usb_device_handle_win.cc:1048 Failed to read descriptor from node connection: A device attached to the system is not functioning. (0x1F)

Nov 26, 2021 15:23:27.07 NEW SESSION
Nov 26, 2021 15:23:27.07 [8428:3464:1126/152327.012:ERROR:device_event_log_impl.cc(214)] [15:23:27.012] USB: usb_device_handle_win.cc:1048 Failed to read descriptor from node connection: A device attached to the system is not functioning. (0x1F)
Nov 26, 2021 15:23:27.09 [8428:3464:1126/152327.015:ERROR:device_event_log_impl.cc(214)] [15:23:27.015] USB: usb_device_handle_win.cc:1048 Failed to read descriptor from node connection: A device attached to the system is not functioning. (0x1F)
Nov 26, 2021 15:23:27.10 [8428:10656:1126/152327.017:ERROR:chrome_browser_main_extra_parts_metrics.cc(226)] crbug.com/1216328: Checking Bluetooth availability started. Please report if there is no report that this ends.
Nov 26, 2021 15:23:27.10 [8428:10656:1126/152327.017:ERROR:chrome_browser_main_extra_parts_metrics.cc(229)] crbug.com/1216328: Checking Bluetooth availability ended.
Nov 26, 2021 15:23:27.10 [8428:10656:1126/152327.017:ERROR:chrome_browser_main_extra_parts_metrics.cc(232)] crbug.com/1216328: Checking default browser status started. Please report if there is no report that this ends.
Nov 26, 2021 15:23:27.10 [8428:10656:1126/152327.025:ERROR:chrome_browser_main_extra_parts_metrics.cc(236)] crbug.com/1216328: Checking default browser status ended.
Nov 26, 2021 16:11:08.44 [8428:3464:1126/161108.445:ERROR:device_event_log_impl.cc(214)] [16:11:08.444] USB: usb_service_win.cc:261 Failed to get device driver name: Element not found. (0x490)

Nov 29, 2021 14:08:43.77 NEW SESSION
Nov 29, 2021 14:08:43.77 [1204:3388:1129/140843.772:ERROR:chrome_browser_main_extra_parts_metrics.cc(226)] crbug.com/1216328: Checking Bluetooth availability started. Please report if there is no report that this ends.
Nov 29, 2021 14:08:43.80 [1204:3388:1129/140843.773:ERROR:chrome_browser_main_extra_parts_metrics.cc(229)] crbug.com/1216328: Checking Bluetooth availability ended.
Nov 29, 2021 14:08:43.80 [1204:3388:1129/140843.773:ERROR:chrome_browser_main_extra_parts_metrics.cc(232)] crbug.com/1216328: Checking default browser status started. Please report if there is no report that this ends.
Nov 29, 2021 14:08:43.80 [1204:4996:1129/140843.776:ERROR:device_event_log_impl.cc(214)] [14:08:43.776] USB: usb_device_handle_win.cc:1048 Failed to read descriptor from node connection: A device attached to the system is not functioning. (0x1F)
Nov 29, 2021 14:08:43.80 [1204:4996:1129/140843.777:ERROR:device_event_log_impl.cc(214)] [14:08:43.777] USB: usb_device_handle_win.cc:1048 Failed to read descriptor from node connection: A device attached to the system is not functioning. (0x1F)
Nov 29, 2021 14:08:43.80 [1204:3388:1129/140843.778:ERROR:chrome_browser_main_extra_parts_metrics.cc(236)] crbug.com/1216328: Checking default browser status ended.
Nov 29, 2021 14:45:02.73 [1204:4996:1129/144502.731:ERROR:device_event_log_impl.cc(214)] [14:45:02.730] USB: usb_service_win.cc:261 Failed to get device driver name: Element not found. (0x490)
Nov 29, 2021 15:02:20.92 [1204:268:1129/150220.926:ERROR:connection_factory_impl.cc(425)] Failed to connect to MCS endpoint with error -105
Nov 29, 2021 15:02:23.93 [1204:268:1129/150223.935:ERROR:connection_factory_impl.cc(425)] Failed to connect to MCS endpoint with error -105
Nov 29, 2021 15:02:35.91 [1204:268:1129/150235.913:ERROR:connection_factory_impl.cc(425)] Failed to connect to MCS endpoint with error -105
Nov 29, 2021 15:02:38.17 [1204:268:1129/150238.177:ERROR:connection_factory_impl.cc(425)] Failed to connect to MCS endpoint with error -106
Nov 29, 2021 15:02:46.91 [1204:268:1129/150246.914:ERROR:connection_factory_impl.cc(425)] Failed to connect to MCS endpoint with error -105
Nov 29, 2021 15:03:05.34 [1204:268:1129/150305.344:ERROR:connection_factory_impl.cc(425)] Failed to connect to MCS endpoint with error -103
Nov 29, 2021 16:01:42.28 [1204:268:1129/160142.279:ERROR:connection_factory_impl.cc(425)] Failed to connect to MCS endpoint with error -105
Nov 29, 2021 16:02:14.60 [1204:268:1129/160214.602:ERROR:connection_factory_impl.cc(425)] Failed to connect to MCS endpoint with error -105
Nov 29, 2021 16:02:56.52 [1204:268:1129/160256.524:ERROR:connection_factory_impl.cc(425)] Failed to connect to MCS endpoint with error -105
Nov 29, 2021 16:05:07.90 [1204:268:1129/160507.908:ERROR:connection_factory_impl.cc(425)] Failed to connect to MCS endpoint with error -105
Nov 29, 2021 16:08:06.84 [1204:268:1129/160806.845:ERROR:connection_factory_impl.cc(425)] Failed to connect to MCS endpoint with error -105
Nov 29, 2021 16:15:47.22 [1204:268:1129/161547.224:ERROR:connection_factory_impl.cc(425)] Failed to connect to MCS endpoint with error -105

Nov 29, 2021 17:15:14.92 NEW SESSION
Nov 29, 2021 17:15:14.92 [8148:3464:1129/171514.898:ERROR:chrome_browser_main_extra_parts_metrics.cc(226)] crbug.com/1216328: Checking Bluetooth availability started. Please report if there is no report that this ends.
Nov 29, 2021 17:15:14.94 [8148:3464:1129/171514.898:ERROR:chrome_browser_main_extra_parts_metrics.cc(229)] crbug.com/1216328: Checking Bluetooth availability ended.
Nov 29, 2021 17:15:14.94 [8148:3464:1129/171514.899:ERROR:chrome_browser_main_extra_parts_metrics.cc(232)] crbug.com/1216328: Checking default browser status started. Please report if there is no report that this ends.
Nov 29, 2021 17:15:14.94 [8148:5980:1129/171514.912:ERROR:device_event_log_impl.cc(214)] [17:15:14.912] USB: usb_device_handle_win.cc:1048 Failed to read descriptor from node connection: A device attached to the system is not functioning. (0x1F)
Nov 29, 2021 17:15:14.94 [8148:5980:1129/171514.913:ERROR:device_event_log_impl.cc(214)] [17:15:14.914] USB: usb_device_handle_win.cc:1048 Failed to read descriptor from node connection: A device attached to the system is not functioning. (0x1F)
Nov 29, 2021 17:15:14.94 [8148:3464:1129/171514.916:ERROR:chrome_browser_main_extra_parts_metrics.cc(236)] crbug.com/1216328: Checking default browser status ended.
Nov 29, 2021 17:37:07.09 [8148:5980:1129/173707.092:ERROR:device_event_log_impl.cc(214)] [17:37:07.092] USB: usb_service_win.cc:261 Failed to get device driver name: Element not found. (0x490)
Nov 29, 2021 17:44:26.68 [8148:11844:1129/174426.681:ERROR:connection_factory_impl.cc(425)] Failed to connect to MCS endpoint with error -106
Nov 29, 2021 17:44:27.18 [8148:11844:1129/174427.180:ERROR:connection_factory_impl.cc(425)] Failed to connect to MCS endpoint with error -106
Nov 29, 2021 17:47:24.37 [8148:11844:1129/174724.373:ERROR:connection_factory_impl.cc(425)] Failed to connect to MCS endpoint with error -118
Nov 29, 2021 17:50:28.79 [8148:11844:1129/175028.798:ERROR:connection_factory_impl.cc(425)] Failed to connect to MCS endpoint with error -105
Nov 29, 2021 17:51:01.28 [8148:11844:1129/175101.287:ERROR:connection_factory_impl.cc(425)] Failed to connect to MCS endpoint with error -105
Nov 29, 2021 17:51:52.37 [8148:11844:1129/175152.378:ERROR:connection_factory_impl.cc(425)] Failed to connect to MCS endpoint with error -105
Nov 29, 2021 17:53:53.08 [8148:11844:1129/175353.080:ERROR:connection_factory_impl.cc(425)] Failed to connect to MCS endpoint with error -105
Nov 29, 2021 17:56:48.38 [8148:11844:1129/175648.380:ERROR:connection_factory_impl.cc(425)] Failed to connect to MCS endpoint with error -105
Nov 29, 2021 18:03:01.67 [8148:11844:1129/180301.675:ERROR:connection_factory_impl.cc(425)] Failed to connect to MCS endpoint with error -105
Nov 29, 2021 18:09:18.58 [8148:4508:1129/180918.584:ERROR:get_updates_processor.cc(260)] PostClientToServerMessage() failed during GetUpdates with error 2
Nov 29, 2021 18:10:45.12 [8148:4508:1129/181045.128:ERROR:get_updates_processor.cc(260)] PostClientToServerMessage() failed during GetUpdates with error 2
Nov 29, 2021 18:13:01.67 [8148:11844:1129/181301.678:ERROR:connection_factory_impl.cc(425)] Failed to connect to MCS endpoint with error -105
Nov 29, 2021 18:13:52.64 [8148:1664:1129/181352.644:ERROR:get_updates_processor.cc(260)] PostClientToServerMessage() failed during GetUpdates with error 2
Nov 29, 2021 18:18:39.90 [8148:1664:1129/181839.901:ERROR:get_updates_processor.cc(260)] PostClientToServerMessage() failed during GetUpdates with error 2
Nov 29, 2021 18:23:07.68 [8148:11844:1129/182307.682:ERROR:connection_factory_impl.cc(425)] Failed to connect to MCS endpoint with error -105
Nov 29, 2021 18:25:47.78 [8148:1664:1129/182547.782:ERROR:get_updates_processor.cc(260)] PostClientToServerMessage() failed during GetUpdates with error 2

Nov 30, 2021 11:44:27.49 NEW SESSION
Nov 30, 2021 11:44:27.49 [1268:7668:1130/114427.492:ERROR:chrome_browser_main_extra_parts_metrics.cc(226)] crbug.com/1216328: Checking Bluetooth availability started. Please report if there is no report that this ends.
Nov 30, 2021 11:44:27.53 [1268:7668:1130/114427.492:ERROR:chrome_browser_main_extra_parts_metrics.cc(229)] crbug.com/1216328: Checking Bluetooth availability ended.
Nov 30, 2021 11:44:27.53 [1268:7668:1130/114427.492:ERROR:chrome_browser_main_extra_parts_metrics.cc(232)] crbug.com/1216328: Checking default browser status started. Please report if there is no report that this ends.
Nov 30, 2021 11:44:27.53 [1268:7668:1130/114427.495:ERROR:chrome_browser_main_extra_parts_metrics.cc(236)] crbug.com/1216328: Checking default browser status ended.
Nov 30, 2021 11:44:27.53 [1268:7292:1130/114427.503:ERROR:device_event_log_impl.cc(214)] [11:44:27.503] USB: usb_device_handle_win.cc:1048 Failed to read descriptor from node connection: A device attached to the system is not functioning. (0x1F)
Nov 30, 2021 11:44:27.53 [1268:7292:1130/114427.505:ERROR:device_event_log_impl.cc(214)] [11:44:27.505] USB: usb_device_handle_win.cc:1048 Failed to read descriptor from node connection: A device attached to the system is not functioning. (0x1F)
Nov 30, 2021 11:44:27.53 [1268:7292:1130/114427.505:ERROR:device_event_log_impl.cc(214)] [11:44:27.505] USB: usb_device_handle_win.cc:1048 Failed to read descriptor from node connection: A device attached to the system is not functioning. (0x1F)
Nov 30, 2021 11:44:27.55 [1268:1940:1130/114427.557:ERROR:connection_factory_impl.cc(425)] Failed to connect to MCS endpoint with error -106
Nov 30, 2021 11:44:55.23 [1268:1940:1130/114455.237:ERROR:connection_factory_impl.cc(425)] Failed to connect to MCS endpoint with error -106
Nov 30, 2021 11:45:46.92 [1268:1940:1130/114546.925:ERROR:connection_factory_impl.cc(425)] Failed to connect to MCS endpoint with error -106
Nov 30, 2021 11:46:25.00 [5060:9836:1130/114625.003:ERROR:chrome_browser_main_extra_parts_metrics.cc(226)] crbug.com/1216328: Checking Bluetooth availability started. Please report if there is no report that this ends.
Nov 30, 2021 11:46:25.00 [5060:8908:1130/114625.007:ERROR:device_event_log_impl.cc(214)] [11:46:25.007] USB: usb_device_handle_win.cc:1048 Failed to read descriptor from node connection: A device attached to the system is not functioning. (0x1F)
Nov 30, 2021 11:46:25.01 [5060:8908:1130/114625.010:ERROR:device_event_log_impl.cc(214)] [11:46:25.010] USB: usb_device_handle_win.cc:1048 Failed to read descriptor from node connection: A device attached to the system is not functioning. (0x1F)
Nov 30, 2021 11:46:25.01 [5060:9836:1130/114625.016:ERROR:chrome_browser_main_extra_parts_metrics.cc(229)] crbug.com/1216328: Checking Bluetooth availability ended.
Nov 30, 2021 11:46:25.01 [5060:9836:1130/114625.016:ERROR:chrome_browser_main_extra_parts_metrics.cc(232)] crbug.com/1216328: Checking default browser status started. Please report if there is no report that this ends.
Nov 30, 2021 11:46:25.02 [5060:9836:1130/114625.022:ERROR:chrome_browser_main_extra_parts_metrics.cc(236)] crbug.com/1216328: Checking default browser status ended.
Nov 30, 2021 11:46:25.05 [5060:780:1130/114625.050:ERROR:connection_factory_impl.cc(425)] Failed to connect to MCS endpoint with error -106
Nov 30, 2021 11:46:46.73 [5060:780:1130/114646.736:ERROR:connection_factory_impl.cc(425)] Failed to connect to MCS endpoint with error -106
Nov 30, 2021 11:47:39.11 [5060:780:1130/114739.113:ERROR:connection_factory_impl.cc(425)] Failed to connect to MCS endpoint with error -106

Nov 30, 2021 11:53:56.97 NEW SESSION
Nov 30, 2021 11:53:56.97 [3132:5240:1130/115356.947:ERROR:chrome_browser_main_extra_parts_metrics.cc(226)] crbug.com/1216328: Checking Bluetooth availability started. Please report if there is no report that this ends.
Nov 30, 2021 11:53:56.99 [3132:5240:1130/115356.947:ERROR:chrome_browser_main_extra_parts_metrics.cc(229)] crbug.com/1216328: Checking Bluetooth availability ended.
Nov 30, 2021 11:53:56.99 [3132:5240:1130/115356.947:ERROR:chrome_browser_main_extra_parts_metrics.cc(232)] crbug.com/1216328: Checking default browser status started. Please report if there is no report that this ends.
Nov 30, 2021 11:53:56.99 [3132:5240:1130/115356.948:ERROR:chrome_browser_main_extra_parts_metrics.cc(236)] crbug.com/1216328: Checking default browser status ended.
Nov 30, 2021 11:53:56.99 [3132:6820:1130/115356.958:ERROR:device_event_log_impl.cc(214)] [11:53:56.958] USB: usb_device_handle_win.cc:1048 Failed to read descriptor from node connection: A device attached to the system is not functioning. (0x1F)
Nov 30, 2021 11:53:56.99 [3132:6820:1130/115356.959:ERROR:device_event_log_impl.cc(214)] [11:53:56.959] USB: usb_device_handle_win.cc:1048 Failed to read descriptor from node connection: A device attached to the system is not functioning. (0x1F)
Nov 30, 2021 11:53:57.02 [3132:3336:1130/115357.026:ERROR:connection_factory_impl.cc(425)] Failed to connect to MCS endpoint with error -106
Nov 30, 2021 11:54:19.99 [3132:3336:1130/115419.989:ERROR:connection_factory_impl.cc(425)] Failed to connect to MCS endpoint with error -106
Nov 30, 2021 11:55:01.97 [3132:3336:1130/115501.977:ERROR:connection_factory_impl.cc(425)] Failed to connect to MCS endpoint with error -106
Nov 30, 2021 11:56:46.88 [3132:3336:1130/115646.888:ERROR:connection_factory_impl.cc(425)] Failed to connect to MCS endpoint with error -106
Nov 30, 2021 11:59:41.24 [3132:3336:1130/115941.248:ERROR:connection_factory_impl.cc(425)] Failed to connect to MCS endpoint with error -106

Dec 03, 2021 12:59:38.04 NEW SESSION
Dec 03, 2021 12:59:38.04 [7096:10628:1203/125938.038:ERROR:chrome_browser_main_extra_parts_metrics.cc(226)] crbug.com/1216328: Checking Bluetooth availability started. Please report if there is no report that this ends.
Dec 03, 2021 12:59:38.07 [7096:10628:1203/125938.038:ERROR:chrome_browser_main_extra_parts_metrics.cc(229)] crbug.com/1216328: Checking Bluetooth availability ended.
Dec 03, 2021 12:59:38.07 [7096:10628:1203/125938.039:ERROR:chrome_browser_main_extra_parts_metrics.cc(232)] crbug.com/1216328: Checking default browser status started. Please report if there is no report that this ends.
Dec 03, 2021 12:59:38.07 [7096:10628:1203/125938.042:ERROR:chrome_browser_main_extra_parts_metrics.cc(236)] crbug.com/1216328: Checking default browser status ended.
Dec 03, 2021 12:59:38.07 [7096:6260:1203/125938.055:ERROR:device_event_log_impl.cc(214)] [12:59:38.055] USB: usb_device_handle_win.cc:1048 Failed to read descriptor from node connection: A device attached to the system is not functioning. (0x1F)
Dec 03, 2021 12:59:38.07 [7096:6260:1203/125938.057:ERROR:device_event_log_impl.cc(214)] [12:59:38.057] USB: usb_device_handle_win.cc:1048 Failed to read descriptor from node connection: A device attached to the system is not functioning. (0x1F)
Dec 03, 2021 12:59:38.15 [7096:4836:1203/125938.155:ERROR:connection_factory_impl.cc(425)] Failed to connect to MCS endpoint with error -106
Dec 03, 2021 13:00:01.88 [7096:4836:1203/130001.883:ERROR:connection_factory_impl.cc(425)] Failed to connect to MCS endpoint with error -106
Dec 03, 2021 13:00:43.14 [7096:4836:1203/130043.148:ERROR:connection_factory_impl.cc(425)] Failed to connect to MCS endpoint with error -106
Dec 03, 2021 13:02:15.38 [7096:4836:1203/130215.382:ERROR:connection_factory_impl.cc(425)] Failed to connect to MCS endpoint with error -106
Dec 03, 2021 13:04:57.36 [7096:6260:1203/130457.364:ERROR:account_info_fetcher.cc(62)] OnGetTokenFailure: Connection failed (-106).
Dec 03, 2021 13:05:38.33 [7096:4836:1203/130538.338:ERROR:connection_factory_impl.cc(425)] Failed to connect to MCS endpoint with error -106
Dec 03, 2021 13:13:16.76 [7096:4836:1203/131316.762:ERROR:connection_factory_impl.cc(425)] Failed to connect to MCS endpoint with error -106
Dec 03, 2021 13:23:16.76 [7096:4836:1203/132316.768:ERROR:connection_factory_impl.cc(425)] Failed to connect to MCS endpoint with error -106
Dec 03, 2021 15:57:26.46 [7096:4836:1203/155726.468:ERROR:connection_factory_impl.cc(425)] Failed to connect to MCS endpoint with error -106
Dec 03, 2021 15:57:39.60 [7096:4836:1203/155739.606:ERROR:connection_factory_impl.cc(425)] Failed to connect to MCS endpoint with error -105
Dec 03, 2021 15:57:45.34 [7096:4836:1203/155745.341:ERROR:connection_factory_impl.cc(425)] Failed to connect to MCS endpoint with error -105
Dec 03, 2021 15:58:11.42 [7096:4836:1203/155811.429:ERROR:connection_factory_impl.cc(425)] Failed to connect to MCS endpoint with error -118
Dec 03, 2021 16:18:40.98 [7096:4836:1203/161840.983:ERROR:connection_factory_impl.cc(425)] Failed to connect to MCS endpoint with error -106
Dec 03, 2021 16:20:28.96 [7096:4836:1203/162028.959:ERROR:connection_factory_impl.cc(425)] Failed to connect to MCS endpoint with error -7
Dec 03, 2021 16:21:30.22 [7096:4836:1203/162130.223:ERROR:connection_factory_impl.cc(425)] Failed to connect to MCS endpoint with error -105
Dec 03, 2021 19:30:32.49 [7096:4836:1203/193032.493:ERROR:connection_factory_impl.cc(425)] Failed to connect to MCS endpoint with error -105
Dec 03, 2021 19:30:36.94 [7096:4836:1203/193036.948:ERROR:connection_factory_impl.cc(425)] Failed to connect to MCS endpoint with error -105
Dec 03, 2021 19:30:44.75 [7096:4836:1203/193044.752:ERROR:connection_factory_impl.cc(425)] Failed to connect to MCS endpoint with error -105
Dec 03, 2021 19:30:52.19 [7096:4836:1203/193052.192:ERROR:connection_factory_impl.cc(425)] Failed to connect to MCS endpoint with error -109
Dec 03, 2021 19:30:52.20 [7096:4836:1203/193052.203:ERROR:registration_request.cc(247)] Registration URL fetching failed.
Dec 03, 2021 19:30:53.13 [7096:6260:1203/193053.138:ERROR:device_event_log_impl.cc(214)] [19:30:53.137] USB: usb_service_win.cc:261 Failed to get device driver name: Element not found. (0x490)
Dec 03, 2021 19:30:54.36 [7096:4836:1203/193054.368:ERROR:connection_factory_impl.cc(425)] Failed to connect to MCS endpoint with error -106
Dec 03, 2021 19:30:54.40 [7096:8668:1203/193054.409:ERROR:get_updates_processor.cc(260)] PostClientToServerMessage() failed during GetUpdates with error 2

Dec 04, 2021 14:06:24.34 NEW SESSION
Dec 04, 2021 14:06:24.34 [1512:5284:1204/140624.339:ERROR:chrome_browser_main_extra_parts_metrics.cc(226)] crbug.com/1216328: Checking Bluetooth availability started. Please report if there is no report that this ends.
Dec 04, 2021 14:06:24.36 [1512:5284:1204/140624.339:ERROR:chrome_browser_main_extra_parts_metrics.cc(229)] crbug.com/1216328: Checking Bluetooth availability ended.
Dec 04, 2021 14:06:24.36 [1512:5284:1204/140624.339:ERROR:chrome_browser_main_extra_parts_metrics.cc(232)] crbug.com/1216328: Checking default browser status started. Please report if there is no report that this ends.
Dec 04, 2021 14:06:24.36 [1512:5284:1204/140624.347:ERROR:chrome_browser_main_extra_parts_metrics.cc(236)] crbug.com/1216328: Checking default browser status ended.
Dec 04, 2021 14:06:24.36 [1512:496:1204/140624.349:ERROR:device_event_log_impl.cc(214)] [14:06:24.349] USB: usb_device_handle_win.cc:1048 Failed to read descriptor from node connection: A device attached to the system is not functioning. (0x1F)
Dec 04, 2021 14:06:24.36 [1512:496:1204/140624.350:ERROR:device_event_log_impl.cc(214)] [14:06:24.350] USB: usb_device_handle_win.cc:1048 Failed to read descriptor from node connection: A device attached to the system is not functioning. (0x1F)
Dec 04, 2021 14:06:24.36 [1512:496:1204/140624.350:ERROR:device_event_log_impl.cc(214)] [14:06:24.350] USB: usb_device_handle_win.cc:1048 Failed to read descriptor from node connection: A device attached to the system is not functioning. (0x1F)
Dec 04, 2021 14:08:24.28 [1512:3564:1204/140824.288:ERROR:connection_factory_impl.cc(425)] Failed to connect to MCS endpoint with error -105
Dec 04, 2021 14:08:51.82 [1512:3564:1204/140851.826:ERROR:connection_factory_impl.cc(425)] Failed to connect to MCS endpoint with error -105
Dec 04, 2021 14:09:35.47 [1512:3564:1204/140935.471:ERROR:connection_factory_impl.cc(425)] Failed to connect to MCS endpoint with error -105
Dec 04, 2021 14:11:18.17 [1512:3564:1204/141118.178:ERROR:connection_factory_impl.cc(425)] Failed to connect to MCS endpoint with error -105
Dec 04, 2021 14:15:01.35 [1512:3564:1204/141501.358:ERROR:connection_factory_impl.cc(425)] Failed to connect to MCS endpoint with error -105
Dec 04, 2021 14:17:21.87 [11656:11584:1204/141721.879:ERROR:chrome_browser_main_extra_parts_metrics.cc(226)] crbug.com/1216328: Checking Bluetooth availability started. Please report if there is no report that this ends.
Dec 04, 2021 14:17:21.88 [11656:11584:1204/141721.879:ERROR:chrome_browser_main_extra_parts_metrics.cc(229)] crbug.com/1216328: Checking Bluetooth availability ended.
Dec 04, 2021 14:17:21.88 [11656:11584:1204/141721.879:ERROR:chrome_browser_main_extra_parts_metrics.cc(232)] crbug.com/1216328: Checking default browser status started. Please report if there is no report that this ends.
Dec 04, 2021 14:17:21.88 [11656:7436:1204/141721.884:ERROR:device_event_log_impl.cc(214)] [14:17:21.884] USB: usb_device_handle_win.cc:1048 Failed to read descriptor from node connection: A device attached to the system is not functioning. (0x1F)
Dec 04, 2021 14:17:21.89 [11656:7436:1204/141721.886:ERROR:device_event_log_impl.cc(214)] [14:17:21.885] USB: usb_device_handle_win.cc:1048 Failed to read descriptor from node connection: A device attached to the system is not functioning. (0x1F)
Dec 04, 2021 14:17:21.90 [11656:11584:1204/141721.902:ERROR:chrome_browser_main_extra_parts_metrics.cc(236)] crbug.com/1216328: Checking default browser status ended.
Dec 04, 2021 14:17:27.94 [11656:9704:1204/141727.942:ERROR:connection_factory_impl.cc(425)] Failed to connect to MCS endpoint with error -105
Dec 04, 2021 14:17:50.83 [11656:9704:1204/141750.835:ERROR:connection_factory_impl.cc(425)] Failed to connect to MCS endpoint with error -105
Dec 04, 2021 14:18:40.21 [11656:9704:1204/141840.213:ERROR:connection_factory_impl.cc(425)] Failed to connect to MCS endpoint with error -105
Dec 04, 2021 14:20:37.11 [11656:9704:1204/142037.119:ERROR:connection_factory_impl.cc(425)] Failed to connect to MCS endpoint with error -105
Dec 04, 2021 14:24:18.10 [11656:9704:1204/142418.108:ERROR:connection_factory_impl.cc(425)] Failed to connect to MCS endpoint with error -105
Dec 04, 2021 14:30:38.55 [11656:9704:1204/143038.552:ERROR:connection_factory_impl.cc(425)] Failed to connect to MCS endpoint with error -105
Dec 04, 2021 14:40:49.97 [11656:9704:1204/144049.969:ERROR:connection_factory_impl.cc(425)] Failed to connect to MCS endpoint with error -105
Dec 04, 2021 14:50:49.97 [11656:9704:1204/145049.975:ERROR:connection_factory_impl.cc(425)] Failed to connect to MCS endpoint with error -105

Dec 04, 2021 15:05:34.27 NEW SESSION
Dec 04, 2021 15:05:34.27 [11224:6416:1204/150534.277:ERROR:backend_impl.cc(1042)] Critical error found -8
Dec 04, 2021 15:05:36.37 [11224:6216:1204/150536.369:ERROR:chrome_browser_main_extra_parts_metrics.cc(226)] crbug.com/1216328: Checking Bluetooth availability started. Please report if there is no report that this ends.
Dec 04, 2021 15:05:36.37 [11224:6216:1204/150536.370:ERROR:chrome_browser_main_extra_parts_metrics.cc(229)] crbug.com/1216328: Checking Bluetooth availability ended.
Dec 04, 2021 15:05:36.37 [11224:6216:1204/150536.370:ERROR:chrome_browser_main_extra_parts_metrics.cc(232)] crbug.com/1216328: Checking default browser status started. Please report if there is no report that this ends.
Dec 04, 2021 15:05:36.38 [11224:2516:1204/150536.380:ERROR:device_event_log_impl.cc(214)] [15:05:36.380] USB: usb_device_handle_win.cc:1048 Failed to read descriptor from node connection: A device attached to the system is not functioning. (0x1F)
Dec 04, 2021 15:05:36.38 [11224:2516:1204/150536.381:ERROR:device_event_log_impl.cc(214)] [15:05:36.382] USB: usb_device_handle_win.cc:1048 Failed to read descriptor from node connection: A device attached to the system is not functioning. (0x1F)
Dec 04, 2021 15:05:36.38 [11224:6216:1204/150536.389:ERROR:chrome_browser_main_extra_parts_metrics.cc(236)] crbug.com/1216328: Checking default browser status ended.
Dec 04, 2021 16:56:08.25 [11224:6036:1204/165608.252:ERROR:connection_factory_impl.cc(425)] Failed to connect to MCS endpoint with error -106
Dec 04, 2021 16:56:12.11 [11224:6036:1204/165612.112:ERROR:connection_factory_impl.cc(425)] Failed to connect to MCS endpoint with error -105
Dec 04, 2021 17:00:59.15 [11224:6036:1204/170059.150:ERROR:connection_factory_impl.cc(425)] Failed to connect to MCS endpoint with error -106
Dec 04, 2021 17:01:21.43 [11224:6036:1204/170121.435:ERROR:connection_factory_impl.cc(425)] Failed to connect to MCS endpoint with error -105
Dec 04, 2021 17:01:22.77 [11224:2516:1204/170122.779:ERROR:device_event_log_impl.cc(214)] [17:01:22.780] USB: usb_service_win.cc:261 Failed to get device driver name: Element not found. (0x490)
Dec 04, 2021 17:01:23.96 [11224:6036:1204/170123.962:ERROR:connection_factory_impl.cc(425)] Failed to connect to MCS endpoint with error -106
Dec 04, 2021 17:03:42.51 [11224:6036:1204/170342.519:ERROR:connection_factory_impl.cc(425)] Failed to connect to MCS endpoint with error -7
Dec 04, 2021 17:04:24.80 [11224:6036:1204/170424.804:ERROR:connection_factory_impl.cc(425)] Failed to connect to MCS endpoint with error -118
Dec 04, 2021 17:05:03.29 [11224:6036:1204/170503.298:ERROR:connection_factory_impl.cc(425)] Failed to connect to MCS endpoint with error -106
Dec 04, 2021 17:06:47.72 [11224:6036:1204/170647.720:ERROR:connection_factory_impl.cc(425)] Failed to connect to MCS endpoint with error -106
Dec 04, 2021 17:17:38.76 [11224:6036:1204/171738.764:ERROR:connection_factory_impl.cc(425)] Failed to connect to MCS endpoint with error -106
Dec 04, 2021 17:21:25.23 [11224:6036:1204/172125.236:ERROR:connection_factory_impl.cc(425)] Failed to connect to MCS endpoint with error -106
Dec 04, 2021 17:21:52.08 [11224:6036:1204/172152.087:ERROR:connection_factory_impl.cc(425)] Failed to connect to MCS endpoint with error -106
Dec 04, 2021 17:37:25.27 [11224:6036:1204/173725.270:ERROR:connection_factory_impl.cc(425)] Failed to connect to MCS endpoint with error -106
Dec 04, 2021 17:37:46.72 [11224:6036:1204/173746.727:ERROR:connection_factory_impl.cc(425)] Failed to connect to MCS endpoint with error -106
Dec 04, 2021 17:46:11.67 [11224:2516:1204/174611.674:ERROR:interface_endpoint_client.cc(658)] Message 5 rejected by interface blink.mojom.WidgetHost
Dec 04, 2021 17:51:06.75 [11224:6036:1204/175106.751:ERROR:connection_factory_impl.cc(425)] Failed to connect to MCS endpoint with error -106
Dec 04, 2021 17:58:46.51 [11224:6036:1204/175846.512:ERROR:connection_factory_impl.cc(425)] Failed to connect to MCS endpoint with error -106
Dec 04, 2021 17:59:18.01 [11224:6036:1204/175918.018:ERROR:connection_factory_impl.cc(425)] Failed to connect to MCS endpoint with error -118
Dec 04, 2021 18:00:07.54 [11224:6036:1204/180007.540:ERROR:connection_factory_impl.cc(425)] Failed to connect to MCS endpoint with error -7
Dec 04, 2021 18:05:16.89 [11224:6036:1204/180516.893:ERROR:connection_factory_impl.cc(425)] Failed to connect to MCS endpoint with error -106
Dec 04, 2021 18:05:21.50 [11224:6036:1204/180521.500:ERROR:connection_factory_impl.cc(425)] Failed to connect to MCS endpoint with error -105

Dec 06, 2021 15:49:48.01 NEW SESSION
Dec 06, 2021 15:49:48.01 [4624:11684:1206/154947.981:ERROR:chrome_browser_main_extra_parts_metrics.cc(226)] crbug.com/1216328: Checking Bluetooth availability started. Please report if there is no report that this ends.
Dec 06, 2021 15:49:48.02 [4624:11684:1206/154947.981:ERROR:chrome_browser_main_extra_parts_metrics.cc(229)] crbug.com/1216328: Checking Bluetooth availability ended.
Dec 06, 2021 15:49:48.02 [4624:11684:1206/154947.981:ERROR:chrome_browser_main_extra_parts_metrics.cc(232)] crbug.com/1216328: Checking default browser status started. Please report if there is no report that this ends.
Dec 06, 2021 15:49:48.02 [4624:9564:1206/154947.998:ERROR:device_event_log_impl.cc(214)] [15:49:47.999] USB: usb_device_handle_win.cc:1048 Failed to read descriptor from node connection: A device attached to the system is not functioning. (0x1F)
Dec 06, 2021 15:49:48.02 [4624:9564:1206/154948.000:ERROR:device_event_log_impl.cc(214)] [15:49:48.000] USB: usb_device_handle_win.cc:1048 Failed to read descriptor from node connection: A device attached to the system is not functioning. (0x1F)
Dec 06, 2021 15:49:48.03 [4624:9564:1206/154948.000:ERROR:device_event_log_impl.cc(214)] [15:49:48.001] USB: usb_device_handle_win.cc:1048 Failed to read descriptor from node connection: A device attached to the system is not functioning. (0x1F)
Dec 06, 2021 15:49:48.03 [4624:11684:1206/154948.011:ERROR:chrome_browser_main_extra_parts_metrics.cc(236)] crbug.com/1216328: Checking default browser status ended.
Dec 06, 2021 15:49:48.08 [4624:4484:1206/154948.088:ERROR:connection_factory_impl.cc(425)] Failed to connect to MCS endpoint with error -106
Dec 06, 2021 15:50:14.40 [4624:4484:1206/155014.408:ERROR:connection_factory_impl.cc(425)] Failed to connect to MCS endpoint with error -106
Dec 06, 2021 15:50:18.83 [4624:9564:1206/155018.832:ERROR:account_info_fetcher.cc(62)] OnGetTokenFailure: Connection failed (-106).
Dec 06, 2021 15:51:03.84 [4624:4484:1206/155103.839:ERROR:connection_factory_impl.cc(425)] Failed to connect to MCS endpoint with error -106
Dec 06, 2021 15:52:38.87 [4624:4484:1206/155238.870:ERROR:connection_factory_impl.cc(425)] Failed to connect to MCS endpoint with error -106
Dec 06, 2021 15:55:44.22 [4624:4484:1206/155544.225:ERROR:connection_factory_impl.cc(425)] Failed to connect to MCS endpoint with error -106
Dec 06, 2021 16:06:25.44 [4624:4484:1206/160625.441:ERROR:connection_factory_impl.cc(425)] Failed to connect to MCS endpoint with error -106
Dec 06, 2021 16:06:39.03 [4624:4484:1206/160639.037:ERROR:connection_factory_impl.cc(425)] Failed to connect to MCS endpoint with error -105
Dec 06, 2021 16:06:42.13 [4624:4484:1206/160642.132:ERROR:connection_factory_impl.cc(425)] Failed to connect to MCS endpoint with error -105

Dec 07, 2021 15:39:39.59 NEW SESSION
Dec 07, 2021 15:39:39.60 [1272:3836:1207/153939.592:ERROR:device_event_log_impl.cc(214)] [15:39:39.593] USB: usb_device_handle_win.cc:1048 Failed to read descriptor from node connection: A device attached to the system is not functioning. (0x1F)
Dec 07, 2021 15:39:39.62 [1272:3836:1207/153939.593:ERROR:device_event_log_impl.cc(214)] [15:39:39.594] USB: usb_device_handle_win.cc:1048 Failed to read descriptor from node connection: A device attached to the system is not functioning. (0x1F)
Dec 07, 2021 15:39:39.62 [1272:5616:1207/153939.597:ERROR:chrome_browser_main_extra_parts_metrics.cc(226)] crbug.com/1216328: Checking Bluetooth availability started. Please report if there is no report that this ends.
Dec 07, 2021 15:39:39.62 [1272:5616:1207/153939.597:ERROR:chrome_browser_main_extra_parts_metrics.cc(229)] crbug.com/1216328: Checking Bluetooth availability ended.
Dec 07, 2021 15:39:39.62 [1272:5616:1207/153939.597:ERROR:chrome_browser_main_extra_parts_metrics.cc(232)] crbug.com/1216328: Checking default browser status started. Please report if there is no report that this ends.
Dec 07, 2021 15:39:39.62 [1272:5616:1207/153939.603:ERROR:chrome_browser_main_extra_parts_metrics.cc(236)] crbug.com/1216328: Checking default browser status ended.
Dec 07, 2021 16:11:04.09 [1272:12596:1207/161104.092:ERROR:connection_factory_impl.cc(425)] Failed to connect to MCS endpoint with error -106
Dec 07, 2021 16:11:32.32 [1272:12596:1207/161132.322:ERROR:connection_factory_impl.cc(425)] Failed to connect to MCS endpoint with error -106
Dec 07, 2021 16:36:52.75 [1272:12596:1207/163652.758:ERROR:connection_factory_impl.cc(425)] Failed to connect to MCS endpoint with error -106
Dec 07, 2021 16:40:33.28 [1272:12596:1207/164033.285:ERROR:connection_factory_impl.cc(425)] Failed to connect to MCS endpoint with error -103
Dec 07, 2021 16:41:10.60 [1272:12596:1207/164110.601:ERROR:connection_factory_impl.cc(425)] Failed to connect to MCS endpoint with error -7
Dec 07, 2021 16:41:27.30 [1272:12596:1207/164127.309:ERROR:connection_factory_impl.cc(425)] Failed to connect to MCS endpoint with error -106
Dec 07, 2021 16:41:44.48 [1272:12596:1207/164144.487:ERROR:connection_factory_impl.cc(425)] Failed to connect to MCS endpoint with error -105
Dec 07, 2021 16:41:46.49 [1272:12596:1207/164146.495:ERROR:connection_factory_impl.cc(425)] Failed to connect to MCS endpoint with error -106
Dec 07, 2021 16:42:08.19 [1272:12596:1207/164208.198:ERROR:connection_factory_impl.cc(425)] Failed to connect to MCS endpoint with error -105
Dec 07, 2021 16:42:09.15 [1272:3836:1207/164209.157:ERROR:device_event_log_impl.cc(214)] [16:42:09.157] USB: usb_service_win.cc:261 Failed to get device driver name: Element not found. (0x490)
Dec 07, 2021 16:42:10.22 [1272:12596:1207/164210.221:ERROR:connection_factory_impl.cc(425)] Failed to connect to MCS endpoint with error -106
Dec 07, 2021 16:44:17.32 [1272:12596:1207/164417.326:ERROR:connection_factory_impl.cc(425)] Failed to connect to MCS endpoint with error -103
Dec 07, 2021 16:44:48.07 [1272:12596:1207/164448.074:ERROR:connection_factory_impl.cc(425)] Failed to connect to MCS endpoint with error -118
Dec 07, 2021 16:45:22.97 [1272:12596:1207/164522.976:ERROR:connection_factory_impl.cc(425)] Failed to connect to MCS endpoint with error -103
Dec 07, 2021 16:45:25.01 [1272:12596:1207/164525.012:ERROR:connection_factory_impl.cc(425)] Failed to connect to MCS endpoint with error -106
Dec 07, 2021 16:48:02.85 [1272:12596:1207/164802.850:ERROR:connection_factory_impl.cc(425)] Failed to connect to MCS endpoint with error -106
Dec 07, 2021 16:49:29.92 [1272:12596:1207/164929.922:ERROR:connection_factory_impl.cc(425)] Failed to connect to MCS endpoint with error -105
Dec 07, 2021 16:49:31.93 [1272:12596:1207/164931.937:ERROR:connection_factory_impl.cc(425)] Failed to connect to MCS endpoint with error -106
Dec 07, 2021 16:51:06.20 [1272:12596:1207/165106.207:ERROR:connection_factory_impl.cc(425)] Failed to connect to MCS endpoint with error -103
Dec 07, 2021 16:51:08.29 [1272:12596:1207/165108.291:ERROR:connection_factory_impl.cc(425)] Failed to connect to MCS endpoint with error -106
Dec 07, 2021 16:52:05.46 [1272:12596:1207/165205.466:ERROR:connection_factory_impl.cc(425)] Failed to connect to MCS endpoint with error -106
Dec 07, 2021 17:29:57.03 [1272:12596:1207/172957.037:ERROR:connection_factory_impl.cc(425)] Failed to connect to MCS endpoint with error -106
Dec 07, 2021 18:19:38.37 [1272:12596:1207/181938.371:ERROR:connection_factory_impl.cc(425)] Failed to connect to MCS endpoint with error -105
Dec 07, 2021 18:22:16.34 [1272:3836:1207/182216.342:ERROR:device_event_log_impl.cc(214)] [18:22:16.341] USB: usb_service_win.cc:261 Failed to get device driver name: Element not found. (0x490)

Dec 10, 2021 17:46:35.61 NEW SESSION
Dec 10, 2021 17:46:35.61 [1632:3648:1210/174635.609:ERROR:device_event_log_impl.cc(214)] [17:46:35.608] USB: usb_device_handle_win.cc:1048 Failed to read descriptor from node connection: A device attached to the system is not functioning. (0x1F)
Dec 10, 2021 17:46:35.65 [1632:3648:1210/174635.610:ERROR:device_event_log_impl.cc(214)] [17:46:35.609] USB: usb_device_handle_win.cc:1048 Failed to read descriptor from node connection: A device attached to the system is not functioning. (0x1F)
Dec 10, 2021 17:46:35.65 [1632:3648:1210/174635.610:ERROR:device_event_log_impl.cc(214)] [17:46:35.610] USB: usb_device_handle_win.cc:1048 Failed to read descriptor from node connection: A device attached to the system is not functioning. (0x1F)
Dec 10, 2021 17:46:35.65 [1632:7332:1210/174635.626:ERROR:chrome_browser_main_extra_parts_metrics.cc(226)] crbug.com/1216328: Checking Bluetooth availability started. Please report if there is no report that this ends.
Dec 10, 2021 17:46:35.65 [1632:7332:1210/174635.626:ERROR:chrome_browser_main_extra_parts_metrics.cc(229)] crbug.com/1216328: Checking Bluetooth availability ended.
Dec 10, 2021 17:46:35.65 [1632:7332:1210/174635.626:ERROR:chrome_browser_main_extra_parts_metrics.cc(232)] crbug.com/1216328: Checking default browser status started. Please report if there is no report that this ends.
Dec 10, 2021 17:46:35.65 [1632:7332:1210/174635.637:ERROR:chrome_browser_main_extra_parts_metrics.cc(236)] crbug.com/1216328: Checking default browser status ended.
Dec 10, 2021 17:47:51.34 [1632:11596:1210/174751.349:ERROR:connection_factory_impl.cc(425)] Failed to connect to MCS endpoint with error -118
Dec 10, 2021 17:49:54.42 [1632:3648:1210/174954.427:ERROR:account_info_fetcher.cc(62)] OnGetTokenFailure: Connection failed (-100).
Dec 10, 2021 17:50:37.75 [1632:11596:1210/175037.751:ERROR:connection_factory_impl.cc(425)] Failed to connect to MCS endpoint with error -118
Dec 10, 2021 17:51:05.21 [1632:3648:1210/175105.211:ERROR:device_event_log_impl.cc(214)] [17:51:05.211] USB: usb_service_win.cc:261 Failed to get device driver name: Element not found. (0x490)
Dec 10, 2021 17:51:06.24 [1632:11596:1210/175106.245:ERROR:connection_factory_impl.cc(425)] Failed to connect to MCS endpoint with error -106

Dec 10, 2021 20:47:35.51 NEW SESSION
Dec 10, 2021 20:47:35.51 [5636:12720:1210/204735.506:ERROR:chrome_browser_main_extra_parts_metrics.cc(226)] crbug.com/1216328: Checking Bluetooth availability started. Please report if there is no report that this ends.
Dec 10, 2021 20:47:35.51 [5636:12720:1210/204735.506:ERROR:chrome_browser_main_extra_parts_metrics.cc(229)] crbug.com/1216328: Checking Bluetooth availability ended.
Dec 10, 2021 20:47:35.51 [5636:12720:1210/204735.506:ERROR:chrome_browser_main_extra_parts_metrics.cc(232)] crbug.com/1216328: Checking default browser status started. Please report if there is no report that this ends.
Dec 10, 2021 20:47:35.51 [5636:8476:1210/204735.511:ERROR:device_event_log_impl.cc(214)] [20:47:35.511] USB: usb_device_handle_win.cc:1048 Failed to read descriptor from node connection: A device attached to the system is not functioning. (0x1F)
Dec 10, 2021 20:47:35.51 [5636:8476:1210/204735.512:ERROR:device_event_log_impl.cc(214)] [20:47:35.513] USB: usb_device_handle_win.cc:1048 Failed to read descriptor from node connection: A device attached to the system is not functioning. (0x1F)
Dec 10, 2021 20:47:35.52 [5636:12720:1210/204735.521:ERROR:chrome_browser_main_extra_parts_metrics.cc(236)] crbug.com/1216328: Checking default browser status ended.
Dec 10, 2021 20:47:35.56 [5636:10324:1210/204735.568:ERROR:connection_factory_impl.cc(425)] Failed to connect to MCS endpoint with error -106
Dec 10, 2021 20:48:04.37 [5636:10324:1210/204804.371:ERROR:connection_factory_impl.cc(425)] Failed to connect to MCS endpoint with error -106
